<?xml version="1.0" encoding="UTF-8"?>
<!-- Generated by org.testng.reporters.JUnitXMLReporter -->
<testsuite ignored="0" hostname="IN-46S1M63" failures="1" tests="1" name="Default test" time="10.623" errors="0" timestamp="2023-07-13T09:05:32 IST">
  <testcase classname="io.cucumber.testng.AbstractTestNGCucumberTests" name="runScenario" time="10.136">
    <failure type="java.lang.AssertionError" message="expected [Tomato] but found [null]">
      <![CDATA[java.lang.AssertionError: expected [Tomato] but found [null]
at org.testng.Assert.fail(Assert.java:111)
at org.testng.Assert.failNotEquals(Assert.java:1578)
at org.testng.Assert.assertEqualsImpl(Assert.java:150)
at org.testng.Assert.assertEquals(Assert.java:132)
at org.testng.Assert.assertEquals(Assert.java:656)
at org.testng.Assert.assertEquals(Assert.java:666)
at stepdefinitions.OfferPageStepDefinition.validate_product_name_matches_name_in_landing_page(OfferPageStepDefinition.java:31)
at âœ½.Validate product name matches name in landing page(file:///D:/Projects/Siemens/eclipse_workspace/CucumberAutomationFramework/src/test/java/features/addToCart.feature:8)
]]>
    </failure>
  </testcase> <!-- runScenario -->
</testsuite> <!-- Default test -->
